<?xml version="1.0" encoding="UTF-8"?>
<testsuite xmlns:xsi="http://www.w3.org/2001/XMLSchema-instance" xsi:noNamespaceSchemaLocation="https://maven.apache.org/surefire/maven-surefire-plugin/xsd/surefire-test-report-3.0.xsd" version="3.0" name="com.geekbrains.homework6.ImgurPagesTest" time="705.146" tests="6" errors="0" skipped="0" failures="0">
  <properties>
[...]
</properties>
  <testcase name="alertTest" classname="com.geekbrains.homework6.ImgurPagesTest" time="154.925">
    <system-err><![CDATA[Starting ChromeDriver 97.0.4692.71 (adefa7837d02a07a604c1e6eff0b3a09422ab88d-refs/branch-heads/4692@{#1247}) on port 60294
Only local connections are allowed.
Please see https://chromedriver.chromium.org/security-considerations for suggestions on keeping ChromeDriver safe.
ChromeDriver was started successfully.
[1643983993.499][WARNING]: Timed out connecting to Chrome, retrying...
февр. 04, 2022 11:13:20 AM org.openqa.selenium.remote.ProtocolHandshake createSession
INFO: Detected dialect: W3C
февр. 04, 2022 11:13:23 AM org.openqa.selenium.devtools.CdpVersionFinder findNearestMatch
WARNING: Unable to find an exact match for CDP version 97, so returning the closest version found: 96
февр. 04, 2022 11:13:23 AM org.openqa.selenium.devtools.CdpVersionFinder findNearestMatch
INFO: Found CDP implementation for version 97 of 96
[1643984067.436][SEVERE]: Timed out receiving message from renderer: 10.000
[1643984067.475][WARNING]: screenshot failed, retrying timeout: Timed out receiving message from renderer: 10.000
]]></system-err>
  </testcase>
  <testcase name="imgurSwitchToSignInPageTest" classname="com.geekbrains.homework6.ImgurPagesTest" time="79.271">
    <system-out><![CDATA[Перед кликом
]]></system-out>
    <system-err><![CDATA[Starting ChromeDriver 97.0.4692.71 (adefa7837d02a07a604c1e6eff0b3a09422ab88d-refs/branch-heads/4692@{#1247}) on port 60085
Only local connections are allowed.
Please see https://chromedriver.chromium.org/security-considerations for suggestions on keeping ChromeDriver safe.
ChromeDriver was started successfully.
февр. 04, 2022 11:15:01 AM org.openqa.selenium.remote.ProtocolHandshake createSession
INFO: Detected dialect: W3C
февр. 04, 2022 11:15:01 AM org.openqa.selenium.devtools.CdpVersionFinder findNearestMatch
WARNING: Unable to find an exact match for CDP version 97, so returning the closest version found: 96
февр. 04, 2022 11:15:01 AM org.openqa.selenium.devtools.CdpVersionFinder findNearestMatch
INFO: Found CDP implementation for version 97 of 96
]]></system-err>
  </testcase>
  <testcase name="imgurSignInTest" classname="com.geekbrains.homework6.ImgurPagesTest" time="118.722">
    <system-out><![CDATA[Перед кликом
Перед кликом
]]></system-out>
    <system-err><![CDATA[Starting ChromeDriver 97.0.4692.71 (adefa7837d02a07a604c1e6eff0b3a09422ab88d-refs/branch-heads/4692@{#1247}) on port 52667
Only local connections are allowed.
Please see https://chromedriver.chromium.org/security-considerations for suggestions on keeping ChromeDriver safe.
ChromeDriver was started successfully.
февр. 04, 2022 11:16:04 AM org.openqa.selenium.remote.ProtocolHandshake createSession
INFO: Detected dialect: W3C
февр. 04, 2022 11:16:05 AM org.openqa.selenium.devtools.CdpVersionFinder findNearestMatch
WARNING: Unable to find an exact match for CDP version 97, so returning the closest version found: 96
февр. 04, 2022 11:16:05 AM org.openqa.selenium.devtools.CdpVersionFinder findNearestMatch
INFO: Found CDP implementation for version 97 of 96
февр. 04, 2022 11:17:56 AM org.openqa.selenium.os.OsProcess destroy
SEVERE: Unable to kill process Process[pid=14760, exitValue=1]
]]></system-err>
  </testcase>
  <testcase name="imgurSignOutTest" classname="com.geekbrains.homework6.ImgurPagesTest" time="83.553">
    <system-out><![CDATA[Перед кликом
Перед кликом
Перед кликом
Перед кликом
]]></system-out>
    <system-err><![CDATA[Starting ChromeDriver 97.0.4692.71 (adefa7837d02a07a604c1e6eff0b3a09422ab88d-refs/branch-heads/4692@{#1247}) on port 58742
Only local connections are allowed.
Please see https://chromedriver.chromium.org/security-considerations for suggestions on keeping ChromeDriver safe.
ChromeDriver was started successfully.
февр. 04, 2022 11:18:06 AM org.openqa.selenium.remote.ProtocolHandshake createSession
INFO: Detected dialect: W3C
февр. 04, 2022 11:18:06 AM org.openqa.selenium.devtools.CdpVersionFinder findNearestMatch
WARNING: Unable to find an exact match for CDP version 97, so returning the closest version found: 96
февр. 04, 2022 11:18:06 AM org.openqa.selenium.devtools.CdpVersionFinder findNearestMatch
INFO: Found CDP implementation for version 97 of 96
февр. 04, 2022 11:19:20 AM org.openqa.selenium.os.OsProcess destroy
SEVERE: Unable to kill process Process[pid=21436, exitValue=1]
]]></system-err>
  </testcase>
  <testcase name="newImgurPostTest" classname="com.geekbrains.homework6.ImgurPagesTest" time="136.397">
    <system-out><![CDATA[Перед кликом
Перед кликом
Перед кликом
]]></system-out>
    <system-err><![CDATA[Starting ChromeDriver 97.0.4692.71 (adefa7837d02a07a604c1e6eff0b3a09422ab88d-refs/branch-heads/4692@{#1247}) on port 61161
Only local connections are allowed.
Please see https://chromedriver.chromium.org/security-considerations for suggestions on keeping ChromeDriver safe.
ChromeDriver was started successfully.
февр. 04, 2022 11:20:04 AM org.openqa.selenium.remote.ProtocolHandshake createSession
INFO: Detected dialect: W3C
февр. 04, 2022 11:20:04 AM org.openqa.selenium.devtools.CdpVersionFinder findNearestMatch
WARNING: Unable to find an exact match for CDP version 97, so returning the closest version found: 96
февр. 04, 2022 11:20:04 AM org.openqa.selenium.devtools.CdpVersionFinder findNearestMatch
INFO: Found CDP implementation for version 97 of 96
]]></system-err>
  </testcase>
  <testcase name="windowsTest" classname="com.geekbrains.homework6.ImgurPagesTest" time="115.272">
    <system-err><![CDATA[Starting ChromeDriver 97.0.4692.71 (adefa7837d02a07a604c1e6eff0b3a09422ab88d-refs/branch-heads/4692@{#1247}) on port 61510
Only local connections are allowed.
Please see https://chromedriver.chromium.org/security-considerations for suggestions on keeping ChromeDriver safe.
ChromeDriver was started successfully.
февр. 04, 2022 11:21:42 AM org.openqa.selenium.remote.ProtocolHandshake createSession
INFO: Detected dialect: W3C
февр. 04, 2022 11:21:42 AM org.openqa.selenium.devtools.CdpVersionFinder findNearestMatch
WARNING: Unable to find an exact match for CDP version 97, so returning the closest version found: 96
февр. 04, 2022 11:21:42 AM org.openqa.selenium.devtools.CdpVersionFinder findNearestMatch
INFO: Found CDP implementation for version 97 of 96
]]></system-err>
  </testcase>
</testsuite>